--[ 05-09-07 v0-0-1  ]--
 начало
--[ 05-09-07 v0-0-2  ]--
 работа с компаратором izm.c
--[ 05-09-07 v0-0-3  ]--
 пикаем, но что-то тихо
--[ 05-09-07 v0-0-4  ]--
 пищим через таймер, по видимому для этой пищали
 необходимо какое-то крепление
--[ 05-09-13 v0-0-5  ]--
 компаратор сравнивает уровень на диоде и RC цепочке.
--[ 05-09-13 v0-0-6  ]--
 добавил функции приема передачи байтов soft-uart
--[ 05-09-14 v0-0-7  ]--
 передача с инверсией и без работает, но что-то не до конца
--[ 05-09-14 v0-0-8  ]--
 передача без инверсии - кабель не на тот ток настроен был
 резистор уменьшили - ток возрос, кабель заработал
--[ 05-09-23 v0-0-9  ]--
 меряем, передаём, нажимаем пищим и мигаем
--[ 05-09-23 v0-0-10  ]--
 сдох JTAG, IAR новый установился
--[ 05-10-17 v0-1  ]--
 сдох JTAG, IAR в норме 1121 запустился на 2 Mhz
